300 30000.00 77.65796
301 30100.00 77.22758
302 30200.00 76.79675
303 30300.00 76.36546
304 30400.00 75.93370
305 30500.00 75.50148
306 30600.00 75.06879
307 30700.00 74.63564
308 30800.00 74.20203
309 30900.00 73.76795
310 31000.00 73.33341
311 31100.00 72.89840
312 31200.00 72.46292
313 31300.00 72.02697
314 31400.00 71.59056
315 31500.00 71.15367
316 31600.00 70.71632
317 31700.00 70.27850
318 31800.00 69.84021
319 31900.00 69.40144
320 32000.00 68.96221
321 32100.00 68.52250
322 32200.00 68.08232
323 32300.00 67.64167
324 32400.00 67.20054
325 32500.00 66.75894
326 32600.00 66.31687
327 32700.00 65.87432
328 32800.00 65.43129
329 32900.00 64.98779
330 33000.00 64.54382
331 33100.00 64.09936
332 33200.00 63.65443
333 33300.00 63.20902
334 33400.00 62.76313
335 33500.00 62.31677
336 33600.00 61.86992
337 33700.00 61.42260
338 33800.00 60.97479
339 33900.00 60.52650
340 34000.00 60.07774
341 34100.00 59.62849
342 34200.00 59.17876
343 34300.00 58.72854
344 34400.00 58.27785
345 34500.00 57.82667
346 34600.00 57.37501
347 34700.00 56.92286
348 34800.00 56.47023
349 34900.00 56.01712
350 35000.00 55.56352
351 35100.00 55.10943
352 35200.00 54.65486
353 35300.00 54.19981
354 35400.00 53.74427
355 35500.00 53.28824
356 35600.00 52.83173
357 35700.00 52.37473
358 35800.00 51.91724
359 35900.00 51.45926
360 36000.00 51.00080
361 36100.00 50.54185
362 36200.00 50.08241
363 36300.00 49.62249
364 36400.00 49.16207
365 36500.00 48.70117
366 36600.00 48.23978
367 36700.00 47.77790
368 36800.00 47.31554
369 36900.00 46.85268
370 37000.00 46.38934
371 37100.00 45.92551
372 37200.00 45.46119
373 37300.00 44.99638
374 37400.00 44.53108
375 37500.00 44.06529
376 37600.00 43.59902
377 37700.00 43.13226
378 37800.00 42.66501
379 37900.00 42.19727
380 38000.00 41.72905
381 38100.00 41.26034
382 38200.00 40.79114
383 38300.00 40.32146
384 38400.00 39.85129
385 38500.00 39.38063
386 38600.00 38.90949
387 38700.00 38.43787
388 38800.00 37.96576
389 38900.00 37.49316
390 39000.00 37.02009
391 39100.00 36.54653
392 39200.00 36.07249
393 39300.00 35.59797
394 39400.00 35.12297
395 39500.00 34.64749
396 39600.00 34.17153
397 39700.00 33.69509
398 39800.00 33.21818
399 39900.00 32.74079
400 40000.00 32.26293
401 40100.00 31.78459
402 40200.00 31.30579
403 40300.00 30.82651
404 40400.00 30.34676
405 40500.00 29.86655
406 40600.00 29.38587
407 40700.00 28.90472
408 40800.00 28.42311
409 40900.00 27.94104
410 41000.00 27.45851
411 41100.00 26.97553
412 41200.00 26.49209
413 41300.00 26.00819
414 41400.00 25.52385
415 41500.00 25.03905
416 41600.00 24.55381
417 41700.00 24.06813
418 41800.00 23.58200
419 41900.00 23.09544
420 42000.00 22.60844
421 42100.00 22.12101
422 42200.00 21.63314
423 42300.00 21.14486
424 42400.00 20.65615
425 42500.00 20.16702
426 42600.00 19.67748
427 42700.00 19.18752
428 42800.00 18.69716
429 42900.00 18.20640
430 43000.00 17.71523
431 43100.00 17.22368
432 43200.00 16.73173
433 43300.00 16.23940
434 43400.00 15.74669
435 43500.00 15.25361
436 43600.00 14.76016
437 43700.00 14.26635
438 43800.00 13.77218
439 43900.00 13.27766
440 44000.00 12.78280
441 44100.00 12.28761
442 44200.00 11.79209
443 44300.00 11.29625
444 44400.00 10.80009
445 44500.00 10.30363
446 44600.00 9.80688
447 44700.00 9.30984
448 44800.00 8.81252
449 44900.00 8.31493
450 45000.00 7.81709
451 45100.00 7.31900
452 45200.00 6.82068
453 45300.00 6.32213
454 45400.00 5.82338
455 45500.00 5.32442
456 45600.00 4.82528
457 45700.00 4.32597
458 45800.00 3.82650
459 45900.00 3.32688
460 46000.00 2.82715
461 46100.00 2.32730
462 46200.00 1.82736
463 46300.00 1.32735
464 46400.00 0.82729
465 46500.00 0.32718
466 46600.00 -0.17293
467 46700.00 -0.67304
468 46800.00 -1.17312
469 46900.00 -1.67314
470 47000.00 -2.17308
471 47100.00 -2.67292
472 47200.00 -3.17262
473 47300.00 -3.67216
474 47400.00 -4.17151
475 47500.00 -4.67063
476 47600.00 -5.16950
477 47700.00 -5.66807
478 47800.00 -6.16631
479 47900.00 -6.66417
480 48000.00 -7.16163
481 48100.00 -7.65863
482 48200.00 -8.15513
483 48300.00 -8.65108
484 48400.00 -9.14642
485 48500.00 -9.64112
486 48600.00 -10.13510
487 48700.00 -10.62831
488 48800.00 -11.12068
489 48900.00 -11.61215
490 49000.00 -12.10264
491 49100.00 -12.59209
492 49200.00 -13.08040
493 49300.00 -13.56749
494 49400.00 -14.05327
495 49500.00 -14.53765
496 49600.00 -15.02052
497 49700.00 -15.50177
498 49800.00 -15.98128
499 49900.00 -16.45892
500 50000.00 -16.93457
501 50100.00 -17.40808
502 50200.00 -17.87929
503 50300.00 -18.34804
504 50400.00 -18.81414
505 50500.00 -19.27741
506 50600.00 -19.73764
507 50700.00 -20.19461
508 50800.00 -20.64807
509 50900.00 -21.09775
510 51000.00 -21.54339
511 51100.00 -21.98465
512 51200.00 -22.42122
513 51300.00 -22.85271
514 51400.00 -23.27872
515 51500.00 -23.69882
516 51600.00 -24.11250
517 51700.00 -24.51925
518 51800.00 -24.91845
519 51900.00 -25.30945
520 52000.00 -25.69152
521 52100.00 -26.06382
522 52200.00 -26.42546
523 52300.00 -26.77537
524 52400.00 -27.11240
525 52500.00 -27.43521
526 52600.00 -27.74228
527 52700.00 -28.03187
528 52800.00 -28.30194
529 52900.00 -28.55015
530 53000.00 -28.77375
531 53100.00 -28.96946
532 53200.00 -29.13341
533 53300.00 -29.26090
534 53400.00 -29.34619
535 53500.00 -29.38220
536 53600.00 -29.36000
537 53700.00 -29.26819
538 53800.00 -29.09182
539 53900.00 -28.81082
540 54000.00 -28.39737
541 54100.00 -27.81132
542 54200.00 -26.99175
543 54300.00 -25.83964
544 54400.00 -24.17824
545 54500.00 -21.64407
546 54600.00 -17.29731
547 54700.00 -7.69587
548 54800.00 9.75821
549 54900.00 21.81293
550 55000.00 30.20622
551 55100.00 36.84791
552 55200.00 42.45752
553 55300.00 47.37661
554 55400.00 51.79547
555 55500.00 55.83189
556 55600.00 59.56435
557 55700.00 63.04810
558 55800.00 66.32366
559 55900.00 69.42175
560 56000.00 72.36628
561 56100.00 75.17632
562 56200.00 77.86730
563 56300.00 80.45193
564 56400.00 82.94084
565 56500.00 85.34301
566 56600.00 87.66609
567 56700.00 89.91670
568 56800.00 92.10055
569 56900.00 94.22268
570 57000.00 96.28750
571 57100.00 98.29893
572 57200.00 100.26046
573 57300.00 102.17522
574 57400.00 104.04602
575 57500.00 105.87540
576 57600.00 107.66568
577 57700.00 109.41894
578 57800.00 111.13710
579 57900.00 112.82192
580 58000.00 114.47501
581 58100.00 116.09786
582 58200.00 117.69185
583 58300.00 119.25823
584 58400.00 120.79821
585 58500.00 122.31286
586 58600.00 123.80322
587 58700.00 125.27024
588 58800.00 126.71482
589 58900.00 128.13779
590 59000.00 129.53993
591 59100.00 130.92200
592 59200.00 132.28468
593 59300.00 133.62862
594 59400.00 134.95446
595 59500.00 136.26278
596 59600.00 137.55412
597 59700.00 138.82901
598 59800.00 140.08796
599 59900.00 141.33143
600 60000.00 142.55988
601 60100.00 143.77374
602 60200.00 144.97340
603 60300.00 146.15926
604 60400.00 147.33170
605 60500.00 148.49106
606 60600.00 149.63769
607 60700.00 150.77190
608 60800.00 151.89401
609 60900.00 153.00432
610 61000.00 154.10311
611 61100.00 155.19065
612 61200.00 156.26721
613 61300.00 157.33304
614 61400.00 158.38839
615 61500.00 159.43348
616 61600.00 160.46853
617 61700.00 161.49378
618 61800.00 162.50942
619 61900.00 163.51565
620 62000.00 164.51268
621 62100.00 165.50068
622 62200.00 166.47984
623 62300.00 167.45033
624 62400.00 168.41233
625 62500.00 169.36598
626 62600.00 170.31146
627 62700.00 171.24892
628 62800.00 172.17850
629 62900.00 173.10034
630 63000.00 174.01459
631 63100.00 174.92138
632 63200.00 175.82084
633 63300.00 176.71310
634 63400.00 177.59827
635 63500.00 178.47649
636 63600.00 179.34786
637 63700.00 180.21250
638 63800.00 181.07052
639 63900.00 181.92202
640 64000.00 182.76711
641 64100.00 183.60589
642 64200.00 184.43846
643 64300.00 185.26491
644 64400.00 186.08533
645 64500.00 186.89982
646 64600.00 187.70846
647 64700.00 188.51134
648 64800.00 189.30854
649 64900.00 190.10015
650 65000.00 190.88625
651 65100.00 191.66690
652 65200.00 192.44220
653 65300.00 193.21220
654 65400.00 193.97699
655 65500.00 194.73664
656 65600.00 195.49121
657 65700.00 196.24077
658 65800.00 196.98539
659 65900.00 197.72513
660 66000.00 198.46005
661 66100.00 199.19022
662 66200.00 199.91569
663 66300.00 200.63653
664 66400.00 201.35279
665 66500.00 202.06452
666 66600.00 202.77179
667 66700.00 203.47465
668 66800.00 204.17315
669 66900.00 204.86733
670 67000.00 205.55726
671 67100.00 206.24298
672 67200.00 206.92455
673 67300.00 207.60199
674 67400.00 208.27538
675 67500.00 208.94474
676 67600.00 209.61013
677 67700.00 210.27159
678 67800.00 210.92916
679 67900.00 211.58288
680 68000.00 212.23280
681 68100.00 212.87895
682 68200.00 213.52139
683 68300.00 214.16013
684 68400.00 214.79524
685 68500.00 215.42673
686 68600.00 216.05465
687 68700.00 216.67904
688 68800.00 217.29993
689 68900.00 217.91736
690 69000.00 218.53135
691 69100.00 219.14195
692 69200.00 219.74919
693 69300.00 220.35310
694 69400.00 220.95372
695 69500.00 221.55107
696 69600.00 222.14518
697 69700.00 222.73609
698 69800.00 223.32383
699 69900.00 223.90842
